<?xml version="1.0" encoding="UTF-8"?>
<!-- Generated by org.testng.reporters.JUnitReportReporter -->
<testsuite hostname="Yukeshkumar-Meganathan" failures="0" tests="1" name="SeleniumRS.LocatorAxes" time="10.269" errors="0" timestamp="2022-03-19T12:17:22 IST" skipped="0">
  <testcase classname="SeleniumRS.LocatorAxes" name="locator" time="10.269"/>
  <system-out/>
</testsuite> <!-- SeleniumRS.LocatorAxes -->
