<?xml version="1.0" encoding="UTF-8"?>
<!-- Generated by org.testng.reporters.JUnitReportReporter -->
<testsuite hostname="Yukeshkumar-Meganathan" failures="0" tests="1" name="selenium4.RelativeLocator" time="12.559" errors="0" timestamp="2022-03-25T12:45:04 IST" skipped="0">
  <testcase classname="selenium4.RelativeLocator" name="RelativeLocators" time="12.559"/>
  <system-out/>
</testsuite> <!-- selenium4.RelativeLocator -->
