<?xml version="1.0" encoding="UTF-8"?>
<!-- Generated by org.testng.reporters.JUnitReportReporter -->
<testsuite hostname="Yukeshkumar-Meganathan" failures="0" tests="1" name="seleniumGrid.SeleniumGrid2" time="33.892" errors="0" timestamp="2022-03-26T17:41:58 IST" skipped="0">
  <testcase classname="seleniumGrid.SeleniumGrid2" name="test2" time="33.892"/>
  <system-out/>
</testsuite> <!-- seleniumGrid.SeleniumGrid2 -->
