<?xml version="1.0" encoding="UTF-8"?>
<!-- Generated by org.testng.reporters.JUnitReportReporter -->
<testsuite hostname="Yukeshkumar-Meganathan" failures="0" tests="1" name="selenium4.Screenshots" time="19.156" errors="0" timestamp="2022-03-25T11:52:50 IST" skipped="0">
  <testcase classname="selenium4.Screenshots" name="newScreenshot" time="19.156"/>
  <system-out/>
</testsuite> <!-- selenium4.Screenshots -->
