<?xml version="1.0" encoding="UTF-8"?>
<!-- Generated by org.testng.reporters.JUnitReportReporter -->
<testsuite hostname="Yukeshkumar-Meganathan" failures="0" tests="1" name="selenium4.MultipWindowAndTabs" time="20.731" errors="0" timestamp="2022-03-25T10:41:02 IST" skipped="0">
  <testcase classname="selenium4.MultipWindowAndTabs" name="newWindow" time="20.731"/>
  <system-out/>
</testsuite> <!-- selenium4.MultipWindowAndTabs -->
