<?xml version="1.0" encoding="UTF-8"?>
<!-- Generated by org.testng.reporters.JUnitReportReporter -->
<testsuite hostname="Yukeshkumar-Meganathan" failures="0" tests="1" name="seleniumGrid.SeleniumGrid3" time="39.421" errors="0" timestamp="2022-03-26T17:41:58 IST" skipped="0">
  <testcase classname="seleniumGrid.SeleniumGrid3" name="test3" time="39.421"/>
  <system-out/>
</testsuite> <!-- seleniumGrid.SeleniumGrid3 -->
