<?xml version="1.0" encoding="UTF-8"?>
<!-- Generated by org.testng.reporters.JUnitReportReporter -->
<testsuite hostname="Yukeshkumar-Meganathan" failures="0" tests="1" name="SeleniumRS.Locators" time="7.558" errors="0" timestamp="2022-03-19T11:27:22 IST" skipped="0">
  <testcase classname="SeleniumRS.Locators" name="test3" time="7.558"/>
  <system-out/>
</testsuite> <!-- SeleniumRS.Locators -->
